

/******************************************************************************************
* WriteStepFile diagnostics.
* Date:                           Thu Feb 05 17:29:46 2015 
* Produced by:                    The EXPRESS Data Manager Version 5.02.0100.07 : 28 Aug 2013
* Module:                         EDMstepFileFactory/EDMstandAlone
* Host:                           portatile-asus
* Database:                       C:\Users\PIPPOI~1\AppData\Local\Temp\{FE38485F-D0DA-4852-9A80-58B0E7C262A0}\ifc
* Database version:               5507
* Database creation date:         Thu Feb 05 17:29:45 2015
* Model:                          DataRepository.ifc
* Model creation date:            Thu Feb 05 17:29:46 2015
* Header model:                   DataRepository.ifc_HeaderModel
* Header model creation date:     Thu Feb 05 17:29:46 2015
* Step file:                      1 long room.ifc
* EDMuser:                        sdai-user
* EDMgroup:                       sdai-group
* License ID and type:            5605 : Permanent license. Expiry date: 
* EDMstepFileFactory options:     020000
******************************************************************************************/


------------------------------------------------------------------------------------------------
Operation terminated successfully.
------------------------------------------------------------------------------------------------

