

/******************************************************************************************
* WriteStepFile diagnostics.
* Date:                           Thu Jan 29 19:30:58 2015 
* Produced by:                    The EXPRESS Data Manager Version 5.02.0100.07 : 28 Aug 2013
* Module:                         EDMstepFileFactory/EDMstandAlone
* Host:                           portatile-asus
* Database:                       C:\Users\PIPPOI~1\AppData\Local\Temp\{A87CD3C8-5814-42E1-B1A7-11043BB4E75C}\ifc
* Database version:               5507
* Database creation date:         Thu Jan 29 19:30:48 2015
* Model:                          DataRepository.ifc
* Model creation date:            Thu Jan 29 19:30:49 2015
* Header model:                   DataRepository.ifc_HeaderModel
* Header model creation date:     Thu Jan 29 19:30:49 2015
* Step file:                      2 long rooms.ifc
* EDMuser:                        sdai-user
* EDMgroup:                       sdai-group
* License ID and type:            5605 : Permanent license. Expiry date: 
* EDMstepFileFactory options:     020000
******************************************************************************************/


------------------------------------------------------------------------------------------------
Operation terminated successfully.
------------------------------------------------------------------------------------------------

