

/******************************************************************************************
* WriteStepFile diagnostics.
* Date:                           Fri Feb 06 21:33:20 2015 
* Produced by:                    The EXPRESS Data Manager Version 5.02.0100.07 : 28 Aug 2013
* Module:                         EDMstepFileFactory/EDMstandAlone
* Host:                           portatile-asus
* Database:                       C:\Users\PIPPOI~1\AppData\Local\Temp\{4A91A554-E033-48A6-B466-D29EFFD8C783}\ifc
* Database version:               5507
* Database creation date:         Fri Feb 06 21:33:09 2015
* Model:                          DataRepository.ifc
* Model creation date:            Fri Feb 06 21:33:09 2015
* Header model:                   DataRepository.ifc_HeaderModel
* Header model creation date:     Fri Feb 06 21:33:09 2015
* Step file:                      2 rooms with door.ifc
* EDMuser:                        sdai-user
* EDMgroup:                       sdai-group
* License ID and type:            5605 : Permanent license. Expiry date: 
* EDMstepFileFactory options:     020000
******************************************************************************************/


------------------------------------------------------------------------------------------------
Operation terminated successfully.
------------------------------------------------------------------------------------------------

