

/******************************************************************************************
* WriteStepFile diagnostics.
* Date:                           Thu Feb 05 17:27:12 2015 
* Produced by:                    The EXPRESS Data Manager Version 5.02.0100.07 : 28 Aug 2013
* Module:                         EDMstepFileFactory/EDMstandAlone
* Host:                           portatile-asus
* Database:                       C:\Users\PIPPOI~1\AppData\Local\Temp\{C99B5251-B0A0-4CBA-B214-0500B68D4DB9}\ifc
* Database version:               5507
* Database creation date:         Thu Feb 05 17:27:03 2015
* Model:                          DataRepository.ifc
* Model creation date:            Thu Feb 05 17:27:04 2015
* Header model:                   DataRepository.ifc_HeaderModel
* Header model creation date:     Thu Feb 05 17:27:04 2015
* Step file:                      4 rooms with objects and door.ifc
* EDMuser:                        sdai-user
* EDMgroup:                       sdai-group
* License ID and type:            5605 : Permanent license. Expiry date: 
* EDMstepFileFactory options:     020000
******************************************************************************************/


------------------------------------------------------------------------------------------------
Operation terminated successfully.
------------------------------------------------------------------------------------------------

