

/******************************************************************************************
* WriteStepFile diagnostics.
* Date:                           Wed Feb 11 15:23:21 2015 
* Produced by:                    The EXPRESS Data Manager Version 5.02.0100.07 : 28 Aug 2013
* Module:                         EDMstepFileFactory/EDMstandAlone
* Host:                           portatile-asus
* Database:                       C:\Users\PIPPOI~1\AppData\Local\Temp\{B0887665-B0D6-4861-B6B1-7D4BC13534D7}\ifc
* Database version:               5507
* Database creation date:         Wed Feb 11 15:23:03 2015
* Model:                          DataRepository.ifc
* Model creation date:            Wed Feb 11 15:23:04 2015
* Header model:                   DataRepository.ifc_HeaderModel
* Header model creation date:     Wed Feb 11 15:23:04 2015
* Step file:                      5 rooms all objcts doors.ifc
* EDMuser:                        sdai-user
* EDMgroup:                       sdai-group
* License ID and type:            5605 : Permanent license. Expiry date: 
* EDMstepFileFactory options:     020000
******************************************************************************************/


------------------------------------------------------------------------------------------------
Operation terminated successfully.
------------------------------------------------------------------------------------------------

