

/******************************************************************************************
* WriteStepFile diagnostics.
* Date:                           Mon Jan 26 15:20:24 2015 
* Produced by:                    The EXPRESS Data Manager Version 5.02.0100.07 : 28 Aug 2013
* Module:                         EDMstepFileFactory/EDMstandAlone
* Host:                           portatile-asus
* Database:                       C:\Users\PIPPOI~1\AppData\Local\Temp\{9ABD26A5-AB3F-4E55-A401-6A127EE8774A}\ifc
* Database version:               5507
* Database creation date:         Mon Jan 26 15:20:12 2015
* Model:                          DataRepository.ifc
* Model creation date:            Mon Jan 26 15:20:13 2015
* Header model:                   DataRepository.ifc_HeaderModel
* Header model creation date:     Mon Jan 26 15:20:13 2015
* Step file:                      5 rooms with objects.ifc
* EDMuser:                        sdai-user
* EDMgroup:                       sdai-group
* License ID and type:            5605 : Permanent license. Expiry date: 
* EDMstepFileFactory options:     020000
******************************************************************************************/


------------------------------------------------------------------------------------------------
Operation terminated successfully.
------------------------------------------------------------------------------------------------

